C:\Users\LinhLPV\Source\Workspaces\Workspace\IMS\IMS\Frontend\dist\out-tsc\app\Shared\MaterialComponent\InputDiscussion\InputDiscussion.component.js
C:\Users\LinhLPV\Source\Workspaces\Workspace\IMS\IMS\Frontend\dist\out-tsc\app\Shared\MaterialComponent\InputDiscussion\InputDiscussion.component.js.map
C:\Users\LinhLPV\Source\Workspaces\Workspace\IMS\IMS\Frontend\dist\out-tsc\app\Shared\MaterialComponent\dropdown\dropdown.component.js
C:\Users\LinhLPV\Source\Workspaces\Workspace\IMS\IMS\Frontend\dist\out-tsc\app\Shared\MaterialComponent\dropdown\dropdown.component.js.map
C:\Users\LinhLPV\Source\Workspaces\Workspace\IMS\IMS\Frontend\dist\out-tsc\app\app.component.js
C:\Users\LinhLPV\Source\Workspaces\Workspace\IMS\IMS\Frontend\dist\out-tsc\app\app.component.js.map
C:\Users\LinhLPV\Source\Workspaces\Workspace\IMS\IMS\Frontend\dist\out-tsc\app\menu-model.js
C:\Users\LinhLPV\Source\Workspaces\Workspace\IMS\IMS\Frontend\dist\out-tsc\app\menu-model.js.map
C:\Users\LinhLPV\Source\Workspaces\Workspace\IMS\IMS\Frontend\dist\out-tsc\app\Modules\ADGroup\ADGroup.Entity.js
C:\Users\LinhLPV\Source\Workspaces\Workspace\IMS\IMS\Frontend\dist\out-tsc\app\Modules\ADGroup\ADGroup.Entity.js.map
C:\Users\LinhLPV\Source\Workspaces\Workspace\IMS\IMS\Frontend\dist\out-tsc\app\Modules\Role\Role.Entity.js
C:\Users\LinhLPV\Source\Workspaces\Workspace\IMS\IMS\Frontend\dist\out-tsc\app\Modules\Role\Role.Entity.js.map
C:\Users\LinhLPV\Source\Workspaces\Workspace\IMS\IMS\Frontend\dist\out-tsc\app\Modules\User\User.Entity.js
C:\Users\LinhLPV\Source\Workspaces\Workspace\IMS\IMS\Frontend\dist\out-tsc\app\Modules\User\User.Entity.js.map
C:\Users\LinhLPV\Source\Workspaces\Workspace\IMS\IMS\Frontend\dist\out-tsc\app\Shared\Filter.Entity.js
C:\Users\LinhLPV\Source\Workspaces\Workspace\IMS\IMS\Frontend\dist\out-tsc\app\Shared\Filter.Entity.js.map
C:\Users\LinhLPV\Source\Workspaces\Workspace\IMS\IMS\Frontend\dist\out-tsc\app\Modules\User\User.SearchEntity.js
C:\Users\LinhLPV\Source\Workspaces\Workspace\IMS\IMS\Frontend\dist\out-tsc\app\Modules\User\User.SearchEntity.js.map
C:\Users\LinhLPV\Source\Workspaces\Workspace\IMS\IMS\Frontend\dist\out-tsc\app\Shared\HttpService.js
C:\Users\LinhLPV\Source\Workspaces\Workspace\IMS\IMS\Frontend\dist\out-tsc\app\Shared\HttpService.js.map
C:\Users\LinhLPV\Source\Workspaces\Workspace\IMS\IMS\Frontend\dist\out-tsc\app\Modules\User\User.Service.js
C:\Users\LinhLPV\Source\Workspaces\Workspace\IMS\IMS\Frontend\dist\out-tsc\app\Modules\User\User.Service.js.map
C:\Users\LinhLPV\Source\Workspaces\Workspace\IMS\IMS\Frontend\dist\out-tsc\app\Modules\Permission\Permission.SearchEntity.js
C:\Users\LinhLPV\Source\Workspaces\Workspace\IMS\IMS\Frontend\dist\out-tsc\app\Modules\Permission\Permission.SearchEntity.js.map
C:\Users\LinhLPV\Source\Workspaces\Workspace\IMS\IMS\Frontend\dist\out-tsc\app\Modules\Geography\Geography.Entity.js
C:\Users\LinhLPV\Source\Workspaces\Workspace\IMS\IMS\Frontend\dist\out-tsc\app\Modules\Geography\Geography.Entity.js.map
C:\Users\LinhLPV\Source\Workspaces\Workspace\IMS\IMS\Frontend\dist\out-tsc\app\Modules\OrganizationUnit\OrganizationUnit.Entity.js
C:\Users\LinhLPV\Source\Workspaces\Workspace\IMS\IMS\Frontend\dist\out-tsc\app\Modules\OrganizationUnit\OrganizationUnit.Entity.js.map
C:\Users\LinhLPV\Source\Workspaces\Workspace\IMS\IMS\Frontend\dist\out-tsc\app\Modules\Organization\Organization.Entity.js
C:\Users\LinhLPV\Source\Workspaces\Workspace\IMS\IMS\Frontend\dist\out-tsc\app\Modules\Organization\Organization.Entity.js.map
C:\Users\LinhLPV\Source\Workspaces\Workspace\IMS\IMS\Frontend\dist\out-tsc\app\Modules\Permission\Permission.Entity.js
C:\Users\LinhLPV\Source\Workspaces\Workspace\IMS\IMS\Frontend\dist\out-tsc\app\Modules\Permission\Permission.Entity.js.map
C:\Users\LinhLPV\Source\Workspaces\Workspace\IMS\IMS\Frontend\dist\out-tsc\app\Modules\Permission\Permission.Service.js
C:\Users\LinhLPV\Source\Workspaces\Workspace\IMS\IMS\Frontend\dist\out-tsc\app\Modules\Permission\Permission.Service.js.map
C:\Users\LinhLPV\Source\Workspaces\Workspace\IMS\IMS\Frontend\dist\out-tsc\app\Shared\Header\Header.Component.js
C:\Users\LinhLPV\Source\Workspaces\Workspace\IMS\IMS\Frontend\dist\out-tsc\app\Shared\Header\Header.Component.js.map
C:\Users\LinhLPV\Source\Workspaces\Workspace\IMS\IMS\Frontend\dist\out-tsc\app\Shared\Body\Body.Component.js
C:\Users\LinhLPV\Source\Workspaces\Workspace\IMS\IMS\Frontend\dist\out-tsc\app\Shared\Body\Body.Component.js.map
C:\Users\LinhLPV\Source\Workspaces\Workspace\IMS\IMS\Frontend\dist\out-tsc\app\Shared\MaterialComponent\paging\paging.model.js
C:\Users\LinhLPV\Source\Workspaces\Workspace\IMS\IMS\Frontend\dist\out-tsc\app\Shared\MaterialComponent\paging\paging.model.js.map
C:\Users\LinhLPV\Source\Workspaces\Workspace\IMS\IMS\Frontend\dist\out-tsc\app\Shared\MaterialComponent\paging\paging.component.js
C:\Users\LinhLPV\Source\Workspaces\Workspace\IMS\IMS\Frontend\dist\out-tsc\app\Shared\MaterialComponent\paging\paging.component.js.map
C:\Users\LinhLPV\Source\Workspaces\Workspace\IMS\IMS\Frontend\dist\out-tsc\app\Shared\MaterialComponent\modal\modal.component.js
C:\Users\LinhLPV\Source\Workspaces\Workspace\IMS\IMS\Frontend\dist\out-tsc\app\Shared\MaterialComponent\modal\modal.component.js.map
C:\Users\LinhLPV\Source\Workspaces\Workspace\IMS\IMS\Frontend\dist\out-tsc\app\Shared\MaterialComponent\MenuPurchase\menupurchase.component.js
C:\Users\LinhLPV\Source\Workspaces\Workspace\IMS\IMS\Frontend\dist\out-tsc\app\Shared\MaterialComponent\MenuPurchase\menupurchase.component.js.map
C:\Users\LinhLPV\Source\Workspaces\Workspace\IMS\IMS\Frontend\dist\out-tsc\app\Shared\DateParseFormatter.js
C:\Users\LinhLPV\Source\Workspaces\Workspace\IMS\IMS\Frontend\dist\out-tsc\app\Shared\DateParseFormatter.js.map
C:\Users\LinhLPV\Source\Workspaces\Workspace\IMS\IMS\Frontend\dist\out-tsc\app\Shared\OnlyNumberDirectivce.js
C:\Users\LinhLPV\Source\Workspaces\Workspace\IMS\IMS\Frontend\dist\out-tsc\app\Shared\OnlyNumberDirectivce.js.map
C:\Users\LinhLPV\Source\Workspaces\Workspace\IMS\IMS\Frontend\dist\out-tsc\app\Shared\CustomToaster.js
C:\Users\LinhLPV\Source\Workspaces\Workspace\IMS\IMS\Frontend\dist\out-tsc\app\Shared\CustomToaster.js.map
C:\Users\LinhLPV\Source\Workspaces\Workspace\IMS\IMS\Frontend\dist\out-tsc\app\Auth.Guard.Service.js
C:\Users\LinhLPV\Source\Workspaces\Workspace\IMS\IMS\Frontend\dist\out-tsc\app\Auth.Guard.Service.js.map
C:\Users\LinhLPV\Source\Workspaces\Workspace\IMS\IMS\Frontend\dist\out-tsc\app\Shared\MaterialComponent\Portlet\Portlet.Component.js
C:\Users\LinhLPV\Source\Workspaces\Workspace\IMS\IMS\Frontend\dist\out-tsc\app\Shared\MaterialComponent\Portlet\Portlet.Component.js.map
C:\Users\LinhLPV\Source\Workspaces\Workspace\IMS\IMS\Frontend\dist\out-tsc\app\Shared\MaterialComponent\Excel\Excel.Entity.js
C:\Users\LinhLPV\Source\Workspaces\Workspace\IMS\IMS\Frontend\dist\out-tsc\app\Shared\MaterialComponent\Excel\Excel.Entity.js.map
C:\Users\LinhLPV\Source\Workspaces\Workspace\IMS\IMS\Frontend\dist\out-tsc\app\Shared\MaterialComponent\Excel\Excel.component.js
C:\Users\LinhLPV\Source\Workspaces\Workspace\IMS\IMS\Frontend\dist\out-tsc\app\Shared\MaterialComponent\Excel\Excel.component.js.map
C:\Users\LinhLPV\Source\Workspaces\Workspace\IMS\IMS\Frontend\dist\out-tsc\app\Shared\MaterialComponent\tagsinput\tagsinput.component.js
C:\Users\LinhLPV\Source\Workspaces\Workspace\IMS\IMS\Frontend\dist\out-tsc\app\Shared\MaterialComponent\tagsinput\tagsinput.component.js.map
C:\Users\LinhLPV\Source\Workspaces\Workspace\IMS\IMS\Frontend\dist\out-tsc\app\Shared\MaterialComponent\inputfile\Data.Entity.js
C:\Users\LinhLPV\Source\Workspaces\Workspace\IMS\IMS\Frontend\dist\out-tsc\app\Shared\MaterialComponent\inputfile\Data.Entity.js.map
C:\Users\LinhLPV\Source\Workspaces\Workspace\IMS\IMS\Frontend\dist\out-tsc\app\Shared\MaterialComponent\inputfile\inputfile.component.js
C:\Users\LinhLPV\Source\Workspaces\Workspace\IMS\IMS\Frontend\dist\out-tsc\app\Shared\MaterialComponent\inputfile\inputfile.component.js.map
C:\Users\LinhLPV\Source\Workspaces\Workspace\IMS\IMS\Frontend\dist\out-tsc\app\Shared\Currency\currency.pipe.js
C:\Users\LinhLPV\Source\Workspaces\Workspace\IMS\IMS\Frontend\dist\out-tsc\app\Shared\Currency\currency.pipe.js.map
C:\Users\LinhLPV\Source\Workspaces\Workspace\IMS\IMS\Frontend\dist\out-tsc\app\Shared\Currency\currency-formatter.directive.js
C:\Users\LinhLPV\Source\Workspaces\Workspace\IMS\IMS\Frontend\dist\out-tsc\app\Shared\Currency\currency-formatter.directive.js.map
C:\Users\LinhLPV\Source\Workspaces\Workspace\IMS\IMS\Frontend\dist\out-tsc\app\Shared\CustomCurrencyConfig.js
C:\Users\LinhLPV\Source\Workspaces\Workspace\IMS\IMS\Frontend\dist\out-tsc\app\Shared\CustomCurrencyConfig.js.map
C:\Users\LinhLPV\Source\Workspaces\Workspace\IMS\IMS\Frontend\dist\out-tsc\app\Route.js
C:\Users\LinhLPV\Source\Workspaces\Workspace\IMS\IMS\Frontend\dist\out-tsc\app\Route.js.map
C:\Users\LinhLPV\Source\Workspaces\Workspace\IMS\IMS\Frontend\dist\out-tsc\app\Modules\Organization\Organization.SearchEntity.js
C:\Users\LinhLPV\Source\Workspaces\Workspace\IMS\IMS\Frontend\dist\out-tsc\app\Modules\Organization\Organization.SearchEntity.js.map
C:\Users\LinhLPV\Source\Workspaces\Workspace\IMS\IMS\Frontend\dist\out-tsc\app\Modules\Organization\Organization.Service.js
C:\Users\LinhLPV\Source\Workspaces\Workspace\IMS\IMS\Frontend\dist\out-tsc\app\Modules\Organization\Organization.Service.js.map
C:\Users\LinhLPV\Source\Workspaces\Workspace\IMS\IMS\Frontend\dist\out-tsc\app\Modules\Role\Role.SearchEntity.js
C:\Users\LinhLPV\Source\Workspaces\Workspace\IMS\IMS\Frontend\dist\out-tsc\app\Modules\Role\Role.SearchEntity.js.map
C:\Users\LinhLPV\Source\Workspaces\Workspace\IMS\IMS\Frontend\dist\out-tsc\app\Modules\Role\Role.Service.js
C:\Users\LinhLPV\Source\Workspaces\Workspace\IMS\IMS\Frontend\dist\out-tsc\app\Modules\Role\Role.Service.js.map
C:\Users\LinhLPV\Source\Workspaces\Workspace\IMS\IMS\Frontend\dist\out-tsc\app\Modules\OrganizationUnit\OrganizationUnit.SearchEntity.js
C:\Users\LinhLPV\Source\Workspaces\Workspace\IMS\IMS\Frontend\dist\out-tsc\app\Modules\OrganizationUnit\OrganizationUnit.SearchEntity.js.map
C:\Users\LinhLPV\Source\Workspaces\Workspace\IMS\IMS\Frontend\dist\out-tsc\app\Modules\OrganizationUnit\OrganizationUnit.Service.js
C:\Users\LinhLPV\Source\Workspaces\Workspace\IMS\IMS\Frontend\dist\out-tsc\app\Modules\OrganizationUnit\OrganizationUnit.Service.js.map
C:\Users\LinhLPV\Source\Workspaces\Workspace\IMS\IMS\Frontend\dist\out-tsc\app\Modules\Geography\Geography.SearchEntity.js
C:\Users\LinhLPV\Source\Workspaces\Workspace\IMS\IMS\Frontend\dist\out-tsc\app\Modules\Geography\Geography.SearchEntity.js.map
C:\Users\LinhLPV\Source\Workspaces\Workspace\IMS\IMS\Frontend\dist\out-tsc\app\Modules\Geography\Geography.Service.js
C:\Users\LinhLPV\Source\Workspaces\Workspace\IMS\IMS\Frontend\dist\out-tsc\app\Modules\Geography\Geography.Service.js.map
C:\Users\LinhLPV\Source\Workspaces\Workspace\IMS\IMS\Frontend\dist\out-tsc\app\Modules\Permission\Permission.Component.js
C:\Users\LinhLPV\Source\Workspaces\Workspace\IMS\IMS\Frontend\dist\out-tsc\app\Modules\Permission\Permission.Component.js.map
C:\Users\LinhLPV\Source\Workspaces\Workspace\IMS\IMS\Frontend\dist\out-tsc\app\Modules\Organization\Organization.Component.js
C:\Users\LinhLPV\Source\Workspaces\Workspace\IMS\IMS\Frontend\dist\out-tsc\app\Modules\Organization\Organization.Component.js.map
C:\Users\LinhLPV\Source\Workspaces\Workspace\IMS\IMS\Frontend\dist\out-tsc\app\Shared\MaterialComponent\panel\PanelEntity.Component.js
C:\Users\LinhLPV\Source\Workspaces\Workspace\IMS\IMS\Frontend\dist\out-tsc\app\Shared\MaterialComponent\panel\PanelEntity.Component.js.map
C:\Users\LinhLPV\Source\Workspaces\Workspace\IMS\IMS\Frontend\dist\out-tsc\app\Shared\MaterialComponent\panel\Panel.Component.js
C:\Users\LinhLPV\Source\Workspaces\Workspace\IMS\IMS\Frontend\dist\out-tsc\app\Shared\MaterialComponent\panel\Panel.Component.js.map
C:\Users\LinhLPV\Source\Workspaces\Workspace\IMS\IMS\Frontend\dist\out-tsc\app\app.module.js
C:\Users\LinhLPV\Source\Workspaces\Workspace\IMS\IMS\Frontend\dist\out-tsc\app\app.module.js.map
C:\Users\LinhLPV\Source\Workspaces\Workspace\IMS\IMS\Frontend\dist\out-tsc\environments\environment.js
C:\Users\LinhLPV\Source\Workspaces\Workspace\IMS\IMS\Frontend\dist\out-tsc\environments\environment.js.map
C:\Users\LinhLPV\Source\Workspaces\Workspace\IMS\IMS\Frontend\dist\out-tsc\main.js
C:\Users\LinhLPV\Source\Workspaces\Workspace\IMS\IMS\Frontend\dist\out-tsc\main.js.map
C:\Users\LinhLPV\Source\Workspaces\Workspace\IMS\IMS\Frontend\dist\out-tsc\polyfills.js
C:\Users\LinhLPV\Source\Workspaces\Workspace\IMS\IMS\Frontend\dist\out-tsc\polyfills.js.map
C:\Users\LinhLPV\Source\Workspaces\Workspace\IMS\IMS\Frontend\dist\out-tsc\test.js
C:\Users\LinhLPV\Source\Workspaces\Workspace\IMS\IMS\Frontend\dist\out-tsc\test.js.map
C:\Users\LinhLPV\Source\Workspaces\Workspace\IMS\IMS\Frontend\dist\out-tsc\app\app.component.spec.js
C:\Users\LinhLPV\Source\Workspaces\Workspace\IMS\IMS\Frontend\dist\out-tsc\app\app.component.spec.js.map
C:\Users\LinhLPV\Source\Workspaces\Workspace\IMS\IMS\Frontend\dist\out-tsc\environments\environment.prod.js
C:\Users\LinhLPV\Source\Workspaces\Workspace\IMS\IMS\Frontend\dist\out-tsc\environments\environment.prod.js.map
C:\Users\LinhLPV\Source\Workspaces\Workspace\IMS\IMS\Frontend\dist\out-tsc\app\Modules\ADGroup\ADGroup.SearchEntity.js
C:\Users\LinhLPV\Source\Workspaces\Workspace\IMS\IMS\Frontend\dist\out-tsc\app\Modules\ADGroup\ADGroup.SearchEntity.js.map
C:\Users\LinhLPV\Source\Workspaces\Workspace\IMS\IMS\Frontend\dist\out-tsc\app\Modules\ADGroup\ADGroup.Service.js
C:\Users\LinhLPV\Source\Workspaces\Workspace\IMS\IMS\Frontend\dist\out-tsc\app\Modules\ADGroup\ADGroup.Service.js.map
C:\Users\LinhLPV\Source\Workspaces\Workspace\IMS\IMS\Frontend\dist\out-tsc\app\Shared\FilterComponent\FilterComponent.Entity.js
C:\Users\LinhLPV\Source\Workspaces\Workspace\IMS\IMS\Frontend\dist\out-tsc\app\Shared\FilterComponent\FilterComponent.Entity.js.map
C:\Users\LinhLPV\Source\Workspaces\Workspace\IMS\IMS\Frontend\dist\out-tsc\app\Shared\NgVas\canvas\tweens\interfaces.js
C:\Users\LinhLPV\Source\Workspaces\Workspace\IMS\IMS\Frontend\dist\out-tsc\app\Shared\NgVas\canvas\tweens\interfaces.js.map
C:\Users\LinhLPV\Source\Workspaces\Workspace\IMS\IMS\Frontend\dist\out-tsc\app\Shared\NgVas\canvas\Boundary.js
C:\Users\LinhLPV\Source\Workspaces\Workspace\IMS\IMS\Frontend\dist\out-tsc\app\Shared\NgVas\canvas\Boundary.js.map
C:\Users\LinhLPV\Source\Workspaces\Workspace\IMS\IMS\Frontend\dist\out-tsc\app\Shared\NgVas\canvas\shapes\interfaces.js
C:\Users\LinhLPV\Source\Workspaces\Workspace\IMS\IMS\Frontend\dist\out-tsc\app\Shared\NgVas\canvas\shapes\interfaces.js.map
C:\Users\LinhLPV\Source\Workspaces\Workspace\IMS\IMS\Frontend\dist\out-tsc\app\Shared\NgVas\canvas\styles\interfaces.js
C:\Users\LinhLPV\Source\Workspaces\Workspace\IMS\IMS\Frontend\dist\out-tsc\app\Shared\NgVas\canvas\styles\interfaces.js.map
C:\Users\LinhLPV\Source\Workspaces\Workspace\IMS\IMS\Frontend\dist\out-tsc\app\Shared\NgVas\canvas\hit-area\interfaces.js
C:\Users\LinhLPV\Source\Workspaces\Workspace\IMS\IMS\Frontend\dist\out-tsc\app\Shared\NgVas\canvas\hit-area\interfaces.js.map
C:\Users\LinhLPV\Source\Workspaces\Workspace\IMS\IMS\Frontend\dist\out-tsc\app\Shared\NgVas\canvas\hit-area\PixelHitArea.js
C:\Users\LinhLPV\Source\Workspaces\Workspace\IMS\IMS\Frontend\dist\out-tsc\app\Shared\NgVas\canvas\hit-area\PixelHitArea.js.map
C:\Users\LinhLPV\Source\Workspaces\Workspace\IMS\IMS\Frontend\dist\out-tsc\app\Shared\NgVas\canvas\constraints\interfaces.js
C:\Users\LinhLPV\Source\Workspaces\Workspace\IMS\IMS\Frontend\dist\out-tsc\app\Shared\NgVas\canvas\constraints\interfaces.js.map
C:\Users\LinhLPV\Source\Workspaces\Workspace\IMS\IMS\Frontend\dist\out-tsc\app\Shared\NgVas\canvas\tweens\easing.js
C:\Users\LinhLPV\Source\Workspaces\Workspace\IMS\IMS\Frontend\dist\out-tsc\app\Shared\NgVas\canvas\tweens\easing.js.map
C:\Users\LinhLPV\Source\Workspaces\Workspace\IMS\IMS\Frontend\dist\out-tsc\app\Shared\NgVas\canvas\tweens\TweenManager.js
C:\Users\LinhLPV\Source\Workspaces\Workspace\IMS\IMS\Frontend\dist\out-tsc\app\Shared\NgVas\canvas\tweens\TweenManager.js.map
C:\Users\LinhLPV\Source\Workspaces\Workspace\IMS\IMS\Frontend\dist\out-tsc\app\Shared\NgVas\canvas\shapes\BaseShape.js
C:\Users\LinhLPV\Source\Workspaces\Workspace\IMS\IMS\Frontend\dist\out-tsc\app\Shared\NgVas\canvas\shapes\BaseShape.js.map
C:\Users\LinhLPV\Source\Workspaces\Workspace\IMS\IMS\Frontend\dist\out-tsc\app\Shared\NgVas\canvas\styles\StyleManager.js
C:\Users\LinhLPV\Source\Workspaces\Workspace\IMS\IMS\Frontend\dist\out-tsc\app\Shared\NgVas\canvas\styles\StyleManager.js.map
C:\Users\LinhLPV\Source\Workspaces\Workspace\IMS\IMS\Frontend\dist\out-tsc\app\Shared\NgVas\canvas\styles\color-style-parser.js
C:\Users\LinhLPV\Source\Workspaces\Workspace\IMS\IMS\Frontend\dist\out-tsc\app\Shared\NgVas\canvas\styles\color-style-parser.js.map
C:\Users\LinhLPV\Source\Workspaces\Workspace\IMS\IMS\Frontend\dist\out-tsc\app\Shared\NgVas\canvas\styles\StyleTweenHelper.js
C:\Users\LinhLPV\Source\Workspaces\Workspace\IMS\IMS\Frontend\dist\out-tsc\app\Shared\NgVas\canvas\styles\StyleTweenHelper.js.map
C:\Users\LinhLPV\Source\Workspaces\Workspace\IMS\IMS\Frontend\dist\out-tsc\app\Shared\NgVas\canvas\styles\BaseStyle.js
C:\Users\LinhLPV\Source\Workspaces\Workspace\IMS\IMS\Frontend\dist\out-tsc\app\Shared\NgVas\canvas\styles\BaseStyle.js.map
C:\Users\LinhLPV\Source\Workspaces\Workspace\IMS\IMS\Frontend\dist\out-tsc\app\Shared\NgVas\canvas\shapes\ArcShape.js
C:\Users\LinhLPV\Source\Workspaces\Workspace\IMS\IMS\Frontend\dist\out-tsc\app\Shared\NgVas\canvas\shapes\ArcShape.js.map
C:\Users\LinhLPV\Source\Workspaces\Workspace\IMS\IMS\Frontend\dist\out-tsc\app\Shared\NgVas\canvas\shapes\BezierCurveShape.js
C:\Users\LinhLPV\Source\Workspaces\Workspace\IMS\IMS\Frontend\dist\out-tsc\app\Shared\NgVas\canvas\shapes\BezierCurveShape.js.map
C:\Users\LinhLPV\Source\Workspaces\Workspace\IMS\IMS\Frontend\dist\out-tsc\app\Shared\NgVas\canvas\shapes\CircleShape.js
C:\Users\LinhLPV\Source\Workspaces\Workspace\IMS\IMS\Frontend\dist\out-tsc\app\Shared\NgVas\canvas\shapes\CircleShape.js.map
C:\Users\LinhLPV\Source\Workspaces\Workspace\IMS\IMS\Frontend\dist\out-tsc\app\Shared\NgVas\canvas\shapes\PolyShape.js
C:\Users\LinhLPV\Source\Workspaces\Workspace\IMS\IMS\Frontend\dist\out-tsc\app\Shared\NgVas\canvas\shapes\PolyShape.js.map
C:\Users\LinhLPV\Source\Workspaces\Workspace\IMS\IMS\Frontend\dist\out-tsc\app\Shared\NgVas\canvas\shapes\ImageShape.js
C:\Users\LinhLPV\Source\Workspaces\Workspace\IMS\IMS\Frontend\dist\out-tsc\app\Shared\NgVas\canvas\shapes\ImageShape.js.map
C:\Users\LinhLPV\Source\Workspaces\Workspace\IMS\IMS\Frontend\dist\out-tsc\app\Shared\NgVas\canvas\shapes\LineShape.js
C:\Users\LinhLPV\Source\Workspaces\Workspace\IMS\IMS\Frontend\dist\out-tsc\app\Shared\NgVas\canvas\shapes\LineShape.js.map
C:\Users\LinhLPV\Source\Workspaces\Workspace\IMS\IMS\Frontend\dist\out-tsc\app\Shared\NgVas\canvas\shapes\RectShape.js
C:\Users\LinhLPV\Source\Workspaces\Workspace\IMS\IMS\Frontend\dist\out-tsc\app\Shared\NgVas\canvas\shapes\RectShape.js.map
C:\Users\LinhLPV\Source\Workspaces\Workspace\IMS\IMS\Frontend\dist\out-tsc\app\Shared\NgVas\canvas\shapes\TextShape.js
C:\Users\LinhLPV\Source\Workspaces\Workspace\IMS\IMS\Frontend\dist\out-tsc\app\Shared\NgVas\canvas\shapes\TextShape.js.map
C:\Users\LinhLPV\Source\Workspaces\Workspace\IMS\IMS\Frontend\dist\out-tsc\app\Shared\NgVas\canvas\shapes\QuadraticCurveShape.js
C:\Users\LinhLPV\Source\Workspaces\Workspace\IMS\IMS\Frontend\dist\out-tsc\app\Shared\NgVas\canvas\shapes\QuadraticCurveShape.js.map
C:\Users\LinhLPV\Source\Workspaces\Workspace\IMS\IMS\Frontend\dist\out-tsc\app\Shared\NgVas\canvas\shapes\index.js
C:\Users\LinhLPV\Source\Workspaces\Workspace\IMS\IMS\Frontend\dist\out-tsc\app\Shared\NgVas\canvas\shapes\index.js.map
C:\Users\LinhLPV\Source\Workspaces\Workspace\IMS\IMS\Frontend\dist\out-tsc\app\Shared\NgVas\canvas\interfaces.js
C:\Users\LinhLPV\Source\Workspaces\Workspace\IMS\IMS\Frontend\dist\out-tsc\app\Shared\NgVas\canvas\interfaces.js.map
C:\Users\LinhLPV\Source\Workspaces\Workspace\IMS\IMS\Frontend\dist\out-tsc\app\Shared\NgVas\canvas\Group.js
C:\Users\LinhLPV\Source\Workspaces\Workspace\IMS\IMS\Frontend\dist\out-tsc\app\Shared\NgVas\canvas\Group.js.map
C:\Users\LinhLPV\Source\Workspaces\Workspace\IMS\IMS\Frontend\dist\out-tsc\app\Shared\NgVas\canvas\CanvasGroup.js
C:\Users\LinhLPV\Source\Workspaces\Workspace\IMS\IMS\Frontend\dist\out-tsc\app\Shared\NgVas\canvas\CanvasGroup.js.map
C:\Users\LinhLPV\Source\Workspaces\Workspace\IMS\IMS\Frontend\dist\out-tsc\app\Shared\NgVas\components\interfaces.js
C:\Users\LinhLPV\Source\Workspaces\Workspace\IMS\IMS\Frontend\dist\out-tsc\app\Shared\NgVas\components\interfaces.js.map
C:\Users\LinhLPV\Source\Workspaces\Workspace\IMS\IMS\Frontend\dist\out-tsc\app\Shared\NgVas\OutputData.Entity.js
C:\Users\LinhLPV\Source\Workspaces\Workspace\IMS\IMS\Frontend\dist\out-tsc\app\Shared\NgVas\OutputData.Entity.js.map
C:\Users\LinhLPV\Source\Workspaces\Workspace\IMS\IMS\Frontend\dist\out-tsc\app\Shared\NgVas\components\base.component.js
C:\Users\LinhLPV\Source\Workspaces\Workspace\IMS\IMS\Frontend\dist\out-tsc\app\Shared\NgVas\components\base.component.js.map
C:\Users\LinhLPV\Source\Workspaces\Workspace\IMS\IMS\Frontend\dist\out-tsc\app\Shared\NgVas\components\ngvas.component.js
C:\Users\LinhLPV\Source\Workspaces\Workspace\IMS\IMS\Frontend\dist\out-tsc\app\Shared\NgVas\components\ngvas.component.js.map
C:\Users\LinhLPV\Source\Workspaces\Workspace\IMS\IMS\Frontend\dist\out-tsc\app\Shared\NgVas\components\ngvas-arc.component.js
C:\Users\LinhLPV\Source\Workspaces\Workspace\IMS\IMS\Frontend\dist\out-tsc\app\Shared\NgVas\components\ngvas-arc.component.js.map
C:\Users\LinhLPV\Source\Workspaces\Workspace\IMS\IMS\Frontend\dist\out-tsc\app\Shared\NgVas\components\ngvas-bezier.component.js
C:\Users\LinhLPV\Source\Workspaces\Workspace\IMS\IMS\Frontend\dist\out-tsc\app\Shared\NgVas\components\ngvas-bezier.component.js.map
C:\Users\LinhLPV\Source\Workspaces\Workspace\IMS\IMS\Frontend\dist\out-tsc\app\Shared\NgVas\components\ngvas-circle.component.js
C:\Users\LinhLPV\Source\Workspaces\Workspace\IMS\IMS\Frontend\dist\out-tsc\app\Shared\NgVas\components\ngvas-circle.component.js.map
C:\Users\LinhLPV\Source\Workspaces\Workspace\IMS\IMS\Frontend\dist\out-tsc\app\Shared\NgVas\components\ngvas-image.component.js
C:\Users\LinhLPV\Source\Workspaces\Workspace\IMS\IMS\Frontend\dist\out-tsc\app\Shared\NgVas\components\ngvas-image.component.js.map
C:\Users\LinhLPV\Source\Workspaces\Workspace\IMS\IMS\Frontend\dist\out-tsc\app\Shared\NgVas\components\ngvas-line.component.js
C:\Users\LinhLPV\Source\Workspaces\Workspace\IMS\IMS\Frontend\dist\out-tsc\app\Shared\NgVas\components\ngvas-line.component.js.map
C:\Users\LinhLPV\Source\Workspaces\Workspace\IMS\IMS\Frontend\dist\out-tsc\app\Shared\NgVas\components\ngvas-polygon.component.js
C:\Users\LinhLPV\Source\Workspaces\Workspace\IMS\IMS\Frontend\dist\out-tsc\app\Shared\NgVas\components\ngvas-polygon.component.js.map
C:\Users\LinhLPV\Source\Workspaces\Workspace\IMS\IMS\Frontend\dist\out-tsc\app\Shared\NgVas\components\ngvas-quadratic.component.js
C:\Users\LinhLPV\Source\Workspaces\Workspace\IMS\IMS\Frontend\dist\out-tsc\app\Shared\NgVas\components\ngvas-quadratic.component.js.map
C:\Users\LinhLPV\Source\Workspaces\Workspace\IMS\IMS\Frontend\dist\out-tsc\app\Shared\NgVas\components\ngvas-rectange.component.js
C:\Users\LinhLPV\Source\Workspaces\Workspace\IMS\IMS\Frontend\dist\out-tsc\app\Shared\NgVas\components\ngvas-rectange.component.js.map
C:\Users\LinhLPV\Source\Workspaces\Workspace\IMS\IMS\Frontend\dist\out-tsc\app\Shared\NgVas\components\ngvas-text.component.js
C:\Users\LinhLPV\Source\Workspaces\Workspace\IMS\IMS\Frontend\dist\out-tsc\app\Shared\NgVas\components\ngvas-text.component.js.map
C:\Users\LinhLPV\Source\Workspaces\Workspace\IMS\IMS\Frontend\dist\out-tsc\app\Shared\NgVas\ngvas.module.js
C:\Users\LinhLPV\Source\Workspaces\Workspace\IMS\IMS\Frontend\dist\out-tsc\app\Shared\NgVas\ngvas.module.js.map
C:\Users\LinhLPV\Source\Workspaces\Workspace\IMS\IMS\Frontend\dist\out-tsc\app\Shared\NgVas\index.js
C:\Users\LinhLPV\Source\Workspaces\Workspace\IMS\IMS\Frontend\dist\out-tsc\app\Shared\NgVas\index.js.map
C:\Users\LinhLPV\Source\Workspaces\Workspace\IMS\IMS\Frontend\dist\out-tsc\app\UI\adgroup\adgroup-routing.module.js
C:\Users\LinhLPV\Source\Workspaces\Workspace\IMS\IMS\Frontend\dist\out-tsc\app\UI\adgroup\adgroup-routing.module.js.map
C:\Users\LinhLPV\Source\Workspaces\Workspace\IMS\IMS\Frontend\dist\out-tsc\app\UI\adgroup\adgroup.module.js
C:\Users\LinhLPV\Source\Workspaces\Workspace\IMS\IMS\Frontend\dist\out-tsc\app\UI\adgroup\adgroup.module.js.map
C:\Users\LinhLPV\Source\Workspaces\Workspace\IMS\IMS\Frontend\dist\out-tsc\app\UI\home\ADGroup.Entity.js
C:\Users\LinhLPV\Source\Workspaces\Workspace\IMS\IMS\Frontend\dist\out-tsc\app\UI\home\ADGroup.Entity.js.map
C:\Users\LinhLPV\Source\Workspaces\Workspace\IMS\IMS\Frontend\dist\out-tsc\app\UI\home\home.component.js
C:\Users\LinhLPV\Source\Workspaces\Workspace\IMS\IMS\Frontend\dist\out-tsc\app\UI\home\home.component.js.map
C:\Users\LinhLPV\Source\Workspaces\Workspace\IMS\IMS\Frontend\dist\out-tsc\app\UI\home\panel1\panel1.component.js
C:\Users\LinhLPV\Source\Workspaces\Workspace\IMS\IMS\Frontend\dist\out-tsc\app\UI\home\panel1\panel1.component.js.map
C:\Users\LinhLPV\Source\Workspaces\Workspace\IMS\IMS\Frontend\dist\out-tsc\app\UI\home\home-routing.module.js
C:\Users\LinhLPV\Source\Workspaces\Workspace\IMS\IMS\Frontend\dist\out-tsc\app\UI\home\home-routing.module.js.map
C:\Users\LinhLPV\Source\Workspaces\Workspace\IMS\IMS\Frontend\dist\out-tsc\app\UI\home\home.component.spec.js
C:\Users\LinhLPV\Source\Workspaces\Workspace\IMS\IMS\Frontend\dist\out-tsc\app\UI\home\home.component.spec.js.map
C:\Users\LinhLPV\Source\Workspaces\Workspace\IMS\IMS\Frontend\dist\out-tsc\app\UI\home\home.module.js
C:\Users\LinhLPV\Source\Workspaces\Workspace\IMS\IMS\Frontend\dist\out-tsc\app\UI\home\home.module.js.map
C:\Users\LinhLPV\Source\Workspaces\Workspace\IMS\IMS\Frontend\dist\out-tsc\app\Shared\MaterialComponent\paging\paging.component.spec.js
C:\Users\LinhLPV\Source\Workspaces\Workspace\IMS\IMS\Frontend\dist\out-tsc\app\Shared\MaterialComponent\paging\paging.component.spec.js.map
C:\Users\LinhLPV\Source\Workspaces\Workspace\IMS\IMS\Frontend\dist\out-tsc\app\Shared\MaterialComponent\paging\paging.service.js
C:\Users\LinhLPV\Source\Workspaces\Workspace\IMS\IMS\Frontend\dist\out-tsc\app\Shared\MaterialComponent\paging\paging.service.js.map
C:\Users\LinhLPV\Source\Workspaces\Workspace\IMS\IMS\Frontend\dist\out-tsc\app\Shared\MaterialComponent\paging\paging.service.spec.js
C:\Users\LinhLPV\Source\Workspaces\Workspace\IMS\IMS\Frontend\dist\out-tsc\app\Shared\MaterialComponent\paging\paging.service.spec.js.map
C:\Users\LinhLPV\Source\Workspaces\Workspace\IMS\IMS\Frontend\dist\out-tsc\app\Shared\NgVas\canvas\hit-area\index.js
C:\Users\LinhLPV\Source\Workspaces\Workspace\IMS\IMS\Frontend\dist\out-tsc\app\Shared\NgVas\canvas\hit-area\index.js.map
C:\Users\LinhLPV\Source\Workspaces\Workspace\IMS\IMS\Frontend\dist\out-tsc\app\Shared\NgVas\canvas\tweens\index.js
C:\Users\LinhLPV\Source\Workspaces\Workspace\IMS\IMS\Frontend\dist\out-tsc\app\Shared\NgVas\canvas\tweens\index.js.map
C:\Users\LinhLPV\Source\Workspaces\Workspace\IMS\IMS\Frontend\dist\out-tsc\app\Shared\NgVas\canvas\index.js
C:\Users\LinhLPV\Source\Workspaces\Workspace\IMS\IMS\Frontend\dist\out-tsc\app\Shared\NgVas\canvas\index.js.map
C:\Users\LinhLPV\Source\Workspaces\Workspace\IMS\IMS\Frontend\dist\out-tsc\app\UI\home\panel1\panel1.component.spec.js
C:\Users\LinhLPV\Source\Workspaces\Workspace\IMS\IMS\Frontend\dist\out-tsc\app\UI\home\panel1\panel1.component.spec.js.map
C:\Users\LinhLPV\Source\Workspaces\Workspace\IMS\IMS\Frontend\dist\out-tsc\app\Shared\NgVas\canvas\constraints\index.js
C:\Users\LinhLPV\Source\Workspaces\Workspace\IMS\IMS\Frontend\dist\out-tsc\app\Shared\NgVas\canvas\constraints\index.js.map
C:\Users\LinhLPV\Source\Workspaces\Workspace\IMS\IMS\Frontend\dist\out-tsc\app\Shared\NgVas\canvas\hit-area\CircleHitArea.js
C:\Users\LinhLPV\Source\Workspaces\Workspace\IMS\IMS\Frontend\dist\out-tsc\app\Shared\NgVas\canvas\hit-area\CircleHitArea.js.map
C:\Users\LinhLPV\Source\Workspaces\Workspace\IMS\IMS\Frontend\dist\out-tsc\app\Shared\NgVas\canvas\hit-area\RectHitArea.js
C:\Users\LinhLPV\Source\Workspaces\Workspace\IMS\IMS\Frontend\dist\out-tsc\app\Shared\NgVas\canvas\hit-area\RectHitArea.js.map
C:\Users\LinhLPV\Source\Workspaces\Workspace\IMS\IMS\Frontend\dist\out-tsc\app\Shared\NgVas\canvas\styles\index.js
C:\Users\LinhLPV\Source\Workspaces\Workspace\IMS\IMS\Frontend\dist\out-tsc\app\Shared\NgVas\canvas\styles\index.js.map
C:\Users\LinhLPV\Source\Workspaces\Workspace\IMS\IMS\Frontend\dist\out-tsc\app\Shared\NgVas\canvas\utilities\points.js
C:\Users\LinhLPV\Source\Workspaces\Workspace\IMS\IMS\Frontend\dist\out-tsc\app\Shared\NgVas\canvas\utilities\points.js.map
